2025-08-29 09:47:21,852 [ERROR] LogOutputStream:75 - [STDERR_REDIRECT] 
2025-08-29 09:49:24,313 [INFO] Activator:176 - 


2025-08-29 09:49:24,319 [INFO] Activator:177 - !SESSION log4j initialized
2025-08-29 09:49:30,163 [INFO] LogOutputStream:77 - [STDOUT_REDIRECT] 
2025-08-29 09:49:31,627 [INFO] ApplicationProperties:184 - Using Application install path: C:\ST\STM32CubeIDE_1.19.0\STM32CubeIDE\plugins\com.st.stm32cube.common.mx_6.15.0.202507011659
2025-08-29 09:49:31,650 [INFO] DbMcusXml:78 - Set database path to: C:\ST\STM32CubeIDE_1.19.0\STM32CubeIDE\plugins\com.st.stm32cube.common.mx_6.15.0.202507011659\\db\/mcu/
2025-08-29 09:49:31,651 [INFO] ApiDb:274 - Set plugin database path to: C:\ST\STM32CubeIDE_1.19.0\STM32CubeIDE\plugins\com.st.stm32cube.common.mx_6.15.0.202507011659\\db\/plugins/boardmanager/
2025-08-29 09:49:31,651 [WARN] ApiDb:259 - Overriding images path with different value:  => C:\ST\STM32CubeIDE_1.19.0\STM32CubeIDE\plugins\com.st.stm32cube.common.mx_6.15.0.202507011659\\db\/plugins/mcufinder/images/
2025-08-29 09:49:31,666 [INFO] ApiDb:250 - Set database path to: C:\Users\subha\.stmcufinder\plugins\mcufinder//mcu/
2025-08-29 09:49:31,667 [INFO] DbMcusAds:125 - Set database path to: C:\Users\subha\.stmcufinder\plugins\mcufinder//mcu/
2025-08-29 09:49:31,670 [INFO] CrossReferenceDbSqlite:203 - Set database path to: C:\Users\subha\.stmcufinder\plugins\mcufinder//mcu/cs/
2025-08-29 09:49:31,810 [INFO] RulesReader:64 - Compatibility file has been processed (317 Rules)
2025-08-29 09:49:31,892 [INFO] DbMcusXml:78 - Set database path to: C:\ST\STM32CubeIDE_1.19.0\STM32CubeIDE\plugins\com.st.stm32cube.common.mx_6.15.0.202507011659\\db\/mcu/
2025-08-29 09:49:31,893 [INFO] ApiDb:274 - Set plugin database path to: C:\ST\STM32CubeIDE_1.19.0\STM32CubeIDE\plugins\com.st.stm32cube.common.mx_6.15.0.202507011659\\db\/plugins/boardmanager/
2025-08-29 09:49:31,893 [INFO] ApiDb:261 - Set plugin images path to: C:\ST\STM32CubeIDE_1.19.0\STM32CubeIDE\plugins\com.st.stm32cube.common.mx_6.15.0.202507011659\\db\/plugins/mcufinder/images/
2025-08-29 09:49:31,893 [WARN] DbFile:41 - Overriding database path with different value: C:\Users\subha\.stmcufinder\plugins\mcufinder/ => C:\Users\subha\.stmcufinder\plugins\mcufinder
2025-08-29 09:49:31,893 [INFO] ApiDb:250 - Set database path to: C:\Users\subha\.stmcufinder\plugins\mcufinder//mcu/
2025-08-29 09:49:31,894 [WARN] DbFile:41 - Overriding database path with different value: C:\Users\subha\.stmcufinder\plugins\mcufinder/ => C:\Users\subha\.stmcufinder\plugins\mcufinder
2025-08-29 09:49:31,894 [INFO] DbMcusAds:125 - Set database path to: C:\Users\subha\.stmcufinder\plugins\mcufinder//mcu/
2025-08-29 09:49:31,894 [WARN] DbFile:41 - Overriding database path with different value: C:\Users\subha\.stmcufinder\plugins\mcufinder/ => C:\Users\subha\.stmcufinder\plugins\mcufinder
2025-08-29 09:49:31,894 [WARN] DbFile:41 - Overriding database path with different value: C:\Users\subha\.stmcufinder\plugins\mcufinder/ => C:\Users\subha\.stmcufinder\plugins\mcufinder
2025-08-29 09:49:31,894 [INFO] CrossReferenceDbSqlite:203 - Set database path to: C:\Users\subha\.stmcufinder\plugins\mcufinder//mcu/cs/
2025-08-29 09:49:31,983 [INFO] MainPanel:274 - HeapMemory: 268435456
2025-08-29 09:49:32,098 [INFO] DbMcusXml:78 - Set database path to: C:\ST\STM32CubeIDE_1.19.0\STM32CubeIDE\plugins\com.st.stm32cube.common.mx_6.15.0.202507011659\\db\/mcu/
2025-08-29 09:49:32,098 [INFO] ApiDb:274 - Set plugin database path to: C:\ST\STM32CubeIDE_1.19.0\STM32CubeIDE\plugins\com.st.stm32cube.common.mx_6.15.0.202507011659\\db\/plugins/boardmanager/
2025-08-29 09:49:32,098 [INFO] ApiDb:261 - Set plugin images path to: C:\ST\STM32CubeIDE_1.19.0\STM32CubeIDE\plugins\com.st.stm32cube.common.mx_6.15.0.202507011659\\db\/plugins/mcufinder/images/
2025-08-29 09:49:32,099 [WARN] DbFile:41 - Overriding database path with different value: C:\Users\subha\.stmcufinder\plugins\mcufinder/ => C:\Users\subha\.stmcufinder\plugins\mcufinder
2025-08-29 09:49:32,099 [INFO] ApiDb:250 - Set database path to: C:\Users\subha\.stmcufinder\plugins\mcufinder//mcu/
2025-08-29 09:49:32,099 [WARN] DbFile:41 - Overriding database path with different value: C:\Users\subha\.stmcufinder\plugins\mcufinder/ => C:\Users\subha\.stmcufinder\plugins\mcufinder
2025-08-29 09:49:32,099 [INFO] DbMcusAds:125 - Set database path to: C:\Users\subha\.stmcufinder\plugins\mcufinder//mcu/
2025-08-29 09:49:32,099 [WARN] DbFile:41 - Overriding database path with different value: C:\Users\subha\.stmcufinder\plugins\mcufinder/ => C:\Users\subha\.stmcufinder\plugins\mcufinder
2025-08-29 09:49:32,099 [WARN] DbFile:41 - Overriding database path with different value: C:\Users\subha\.stmcufinder\plugins\mcufinder/ => C:\Users\subha\.stmcufinder\plugins\mcufinder
2025-08-29 09:49:32,099 [INFO] CrossReferenceDbSqlite:203 - Set database path to: C:\Users\subha\.stmcufinder\plugins\mcufinder//mcu/cs/
2025-08-29 09:49:32,123 [INFO] ApplicationProperties:184 - Using Application install path: C:\ST\STM32CubeIDE_1.19.0\STM32CubeIDE\plugins\com.st.stm32cube.common.mx_6.15.0.202507011659
2025-08-29 09:49:32,124 [INFO] PluginManage:196 - Search for loadable plugins [exclusion list=, ]
2025-08-29 09:49:32,125 [INFO] PluginManage:310 - Check plugin analytics
2025-08-29 09:49:32,387 [INFO] AnalyticsPlugin:253 - Accepted Software Licenses: 
2025-08-29 09:49:32,388 [INFO] AnalyticsPlugin:255 - Accepted CMSIS Pack Licenses: 
2025-08-29 09:49:32,388 [INFO] AnalyticsPlugin:257 - Accepted Firmware Licenses: FW.F4.1.28.0,FW.L4.1.18.0
2025-08-29 09:49:32,391 [INFO] PluginManage:359 - Loaded plugin analytics (category:tool,tabindex:-1)
2025-08-29 09:49:32,391 [INFO] PluginManage:310 - Check plugin cadmodel
2025-08-29 09:49:32,411 [INFO] CADModel:105 - Init CAD model plugin
2025-08-29 09:49:32,411 [INFO] PluginManage:359 - Loaded plugin cadmodel (category:power,tabindex:5)
2025-08-29 09:49:32,412 [INFO] PluginManage:310 - Check plugin clock
2025-08-29 09:49:32,434 [INFO] PluginManage:359 - Loaded plugin clock (category:base,tabindex:2)
2025-08-29 09:49:32,434 [INFO] PluginManage:310 - Check plugin ddr
2025-08-29 09:49:32,437 [INFO] PluginManage:359 - Loaded plugin ddr (category:tool,tabindex:6)
2025-08-29 09:49:32,437 [INFO] PluginManage:310 - Check plugin filemanager
2025-08-29 09:49:32,577 [INFO] PluginManage:359 - Loaded plugin filemanager (category:base,tabindex:10)
2025-08-29 09:49:32,578 [INFO] PluginManage:310 - Check plugin ipmanager
2025-08-29 09:49:32,585 [INFO] PluginManage:359 - Loaded plugin ipmanager (category:base,tabindex:5)
2025-08-29 09:49:32,585 [INFO] PluginManage:310 - Check plugin lpbam
2025-08-29 09:49:32,601 [INFO] PluginManage:359 - Loaded plugin lpbam (category:base,tabindex:0)
2025-08-29 09:49:32,601 [INFO] PluginManage:310 - Check plugin memorymap
2025-08-29 09:49:32,626 [INFO] PluginManage:359 - Loaded plugin memorymap (category:base,tabindex:4)
2025-08-29 09:49:32,626 [INFO] PluginManage:310 - Check plugin pinoutandconfiguration
2025-08-29 09:49:32,648 [INFO] PluginManage:359 - Loaded plugin pinoutandconfiguration (category:base,tabindex:1)
2025-08-29 09:49:32,648 [INFO] PluginManage:310 - Check plugin pinoutconfig
2025-08-29 09:49:32,736 [WARN] SupportedApi:132 - Cannot load RTOS API schema: s4s-elt-must-match.1: The content of 'definitions' must match (annotation?, (simpleType | complexType)?, (unique | key | keyref)*)). A problem was found starting at: attribute.
2025-08-29 09:49:32,871 [INFO] PluginManage:359 - Loaded plugin pinoutconfig (category:base,tabindex:0)
2025-08-29 09:49:32,871 [INFO] PluginManage:310 - Check plugin power
2025-08-29 09:49:32,891 [INFO] PluginManage:359 - Loaded plugin power (category:power,tabindex:4)
2025-08-29 09:49:32,891 [INFO] PluginManage:310 - Check plugin projectmanager
2025-08-29 09:49:32,926 [INFO] PluginManage:359 - Loaded plugin projectmanager (category:projectmanager,tabindex:4)
2025-08-29 09:49:32,926 [INFO] PluginManage:310 - Check plugin rif
2025-08-29 09:49:32,953 [INFO] PluginManage:359 - Loaded plugin rif (category:base,tabindex:3)
2025-08-29 09:49:32,953 [INFO] PluginManage:310 - Check plugin thirdparty
2025-08-29 09:49:33,275 [INFO] PluginManage:359 - Loaded plugin thirdparty (category:base,tabindex:-1)
2025-08-29 09:49:33,275 [INFO] PluginManage:310 - Check plugin tools
2025-08-29 09:49:33,275 [WARN] IntegrityCheckThread:84 - waiting for thirdparty lock release [integrity check]
2025-08-29 09:49:33,275 [INFO] IntegrityCheckThread:86 - entering critical section [integrity check]
2025-08-29 09:49:33,276 [INFO] ThirdPartyUpdaterWithRetryManager:70 - Updater plugin not ready yet. [1/15]
2025-08-29 09:49:33,308 [INFO] PluginManage:359 - Loaded plugin tools (category:base,tabindex:7)
2025-08-29 09:49:33,309 [INFO] PluginManage:310 - Check plugin tutovideos
2025-08-29 09:49:33,505 [INFO] PluginManage:359 - Loaded plugin tutovideos (category:base,tabindex:-1)
2025-08-29 09:49:33,505 [INFO] PluginManage:310 - Check plugin updater
2025-08-29 09:49:33,555 [INFO] PluginManage:359 - Loaded plugin updater (category:base,tabindex:12)
2025-08-29 09:49:33,555 [INFO] PluginManage:310 - Check plugin userauth
2025-08-29 09:49:33,561 [INFO] UserAuth:118 - Init User Auth plugin
2025-08-29 09:49:33,562 [INFO] PluginManage:359 - Loaded plugin userauth (category:base,tabindex:14)
2025-08-29 09:49:33,562 [INFO] PluginManage:283 - PluginManage : Loaded plugins [18]
2025-08-29 09:49:33,779 [INFO] PinOutPanel:1589 - setPackage(No Configuration,No Configuration)
2025-08-29 09:49:33,856 [INFO] CADModel:165 - CPN selected for project level
2025-08-29 09:49:33,856 [INFO] CADModel:114 - Register for checkConnection events
2025-08-29 09:49:33,888 [INFO] IPUIPlugin:80 - create IPUIPlugin
2025-08-29 09:49:33,888 [INFO] PluginManager:220 - loadIPPluginJar : add adc
2025-08-29 09:49:33,923 [INFO] IPUIPlugin:80 - create IPUIPlugin
2025-08-29 09:49:33,923 [INFO] PluginManager:220 - loadIPPluginJar : add aes
2025-08-29 09:49:33,959 [INFO] IPUIPlugin:80 - create IPUIPlugin
2025-08-29 09:49:33,959 [INFO] PluginManager:220 - loadIPPluginJar : add can
2025-08-29 09:49:33,988 [INFO] IPUIPlugin:80 - create IPUIPlugin
2025-08-29 09:49:33,988 [INFO] PluginManager:220 - loadIPPluginJar : add comp
2025-08-29 09:49:34,017 [INFO] IPUIPlugin:80 - create IPUIPlugin
2025-08-29 09:49:34,017 [INFO] PluginManager:220 - loadIPPluginJar : add cryp
2025-08-29 09:49:34,030 [INFO] IPUIPlugin:80 - create IPUIPlugin
2025-08-29 09:49:34,030 [INFO] PluginManager:220 - loadIPPluginJar : add ddr_ctrl_phy
2025-08-29 09:49:34,058 [INFO] IPUIPlugin:80 - create IPUIPlugin
2025-08-29 09:49:34,058 [INFO] PluginManager:220 - loadIPPluginJar : add dfsdm
2025-08-29 09:49:34,070 [INFO] IPUIPlugin:80 - create IPUIPlugin
2025-08-29 09:49:34,070 [INFO] PluginManager:220 - loadIPPluginJar : add dma
2025-08-29 09:49:34,105 [INFO] IPUIPlugin:80 - create IPUIPlugin
2025-08-29 09:49:34,105 [INFO] PluginManager:220 - loadIPPluginJar : add dma3
2025-08-29 09:49:34,145 [INFO] IPUIPlugin:80 - create IPUIPlugin
2025-08-29 09:49:34,145 [INFO] PluginManager:220 - loadIPPluginJar : add extmemmanager
2025-08-29 09:49:34,173 [INFO] IPUIPlugin:80 - create IPUIPlugin
2025-08-29 09:49:34,173 [INFO] PluginManager:220 - loadIPPluginJar : add fatfs
2025-08-29 09:49:34,216 [INFO] IPUIPlugin:80 - create IPUIPlugin
2025-08-29 09:49:34,217 [INFO] PluginManager:220 - loadIPPluginJar : add fmc
2025-08-29 09:49:34,231 [INFO] IPUIPlugin:80 - create IPUIPlugin
2025-08-29 09:49:34,231 [INFO] PluginManager:220 - loadIPPluginJar : add freertos
2025-08-29 09:49:34,251 [INFO] IPUIPlugin:80 - create IPUIPlugin
2025-08-29 09:49:34,251 [INFO] PluginManager:220 - loadIPPluginJar : add genericplugin
2025-08-29 09:49:34,331 [INFO] IPUIPlugin:80 - create IPUIPlugin
2025-08-29 09:49:34,331 [INFO] PluginManager:220 - loadIPPluginJar : add gfxmmu
2025-08-29 09:49:34,462 [INFO] IPUIPlugin:80 - create IPUIPlugin
2025-08-29 09:49:34,463 [INFO] PluginManager:220 - loadIPPluginJar : add gic
2025-08-29 09:49:34,478 [INFO] IPUIPlugin:80 - create IPUIPlugin
2025-08-29 09:49:34,478 [INFO] PluginManager:220 - loadIPPluginJar : add gpio
2025-08-29 09:49:34,557 [INFO] IPUIPlugin:80 - create IPUIPlugin
2025-08-29 09:49:34,557 [INFO] PluginManager:220 - loadIPPluginJar : add gtzc
2025-08-29 09:49:34,589 [INFO] IPUIPlugin:80 - create IPUIPlugin
2025-08-29 09:49:34,589 [INFO] PluginManager:220 - loadIPPluginJar : add hash
2025-08-29 09:49:34,633 [INFO] IPUIPlugin:80 - create IPUIPlugin
2025-08-29 09:49:34,634 [INFO] PluginManager:220 - loadIPPluginJar : add i2c
2025-08-29 09:49:34,676 [INFO] IPUIPlugin:80 - create IPUIPlugin
2025-08-29 09:49:34,676 [INFO] PluginManager:220 - loadIPPluginJar : add i2s
2025-08-29 09:49:34,711 [INFO] IPUIPlugin:80 - create IPUIPlugin
2025-08-29 09:49:34,711 [INFO] PluginManager:220 - loadIPPluginJar : add i3c
2025-08-29 09:49:34,790 [INFO] IPUIPlugin:80 - create IPUIPlugin
2025-08-29 09:49:34,790 [INFO] PluginManager:220 - loadIPPluginJar : add ipddr
2025-08-29 09:49:34,871 [INFO] IPUIPlugin:80 - create IPUIPlugin
2025-08-29 09:49:34,871 [INFO] PluginManager:220 - loadIPPluginJar : add linkedlist
2025-08-29 09:49:34,902 [INFO] IPUIPlugin:80 - create IPUIPlugin
2025-08-29 09:49:34,902 [INFO] PluginManager:220 - loadIPPluginJar : add lorawan
2025-08-29 09:49:34,935 [INFO] IPUIPlugin:80 - create IPUIPlugin
2025-08-29 09:49:34,936 [INFO] PluginManager:220 - loadIPPluginJar : add ltdc
2025-08-29 09:49:34,950 [INFO] IPUIPlugin:80 - create IPUIPlugin
2025-08-29 09:49:34,950 [INFO] PluginManager:220 - loadIPPluginJar : add mdma
2025-08-29 09:49:34,962 [INFO] IPUIPlugin:80 - create IPUIPlugin
2025-08-29 09:49:34,962 [INFO] PluginManager:220 - loadIPPluginJar : add nvic
2025-08-29 09:49:34,996 [INFO] IPUIPlugin:80 - create IPUIPlugin
2025-08-29 09:49:34,996 [INFO] PluginManager:220 - loadIPPluginJar : add opamp
2025-08-29 09:49:35,050 [INFO] IPUIPlugin:80 - create IPUIPlugin
2025-08-29 09:49:35,050 [INFO] PluginManager:220 - loadIPPluginJar : add openamp
2025-08-29 09:49:35,088 [INFO] IPUIPlugin:80 - create IPUIPlugin
2025-08-29 09:49:35,088 [INFO] PluginManager:220 - loadIPPluginJar : add pdm2pcm
2025-08-29 09:49:35,102 [INFO] IPUIPlugin:80 - create IPUIPlugin
2025-08-29 09:49:35,103 [INFO] PluginManager:220 - loadIPPluginJar : add plateformsettings
2025-08-29 09:49:35,124 [INFO] IPUIPlugin:80 - create IPUIPlugin
2025-08-29 09:49:35,125 [INFO] PluginManager:220 - loadIPPluginJar : add quadspi
2025-08-29 09:49:35,148 [INFO] IPUIPlugin:80 - create IPUIPlugin
2025-08-29 09:49:35,149 [INFO] PluginManager:220 - loadIPPluginJar : add radio
2025-08-29 09:49:35,160 [INFO] IPUIPlugin:80 - create IPUIPlugin
2025-08-29 09:49:35,161 [INFO] PluginManager:220 - loadIPPluginJar : add resmgrutility
2025-08-29 09:49:35,201 [INFO] IPUIPlugin:80 - create IPUIPlugin
2025-08-29 09:49:35,201 [INFO] PluginManager:220 - loadIPPluginJar : add sai
2025-08-29 09:49:35,234 [INFO] IPUIPlugin:80 - create IPUIPlugin
2025-08-29 09:49:35,234 [INFO] PluginManager:220 - loadIPPluginJar : add spi
2025-08-29 09:49:35,295 [INFO] IPUIPlugin:80 - create IPUIPlugin
2025-08-29 09:49:35,296 [INFO] PluginManager:220 - loadIPPluginJar : add stm32_wpan
2025-08-29 09:49:35,319 [INFO] IPUIPlugin:80 - create IPUIPlugin
2025-08-29 09:49:35,319 [INFO] PluginManager:220 - loadIPPluginJar : add tim
2025-08-29 09:49:35,370 [INFO] IPUIPlugin:80 - create IPUIPlugin
2025-08-29 09:49:35,371 [INFO] PluginManager:220 - loadIPPluginJar : add touchsensing
2025-08-29 09:49:35,404 [INFO] IPUIPlugin:80 - create IPUIPlugin
2025-08-29 09:49:35,404 [INFO] PluginManager:220 - loadIPPluginJar : add tracer_emb
2025-08-29 09:49:35,427 [INFO] IPUIPlugin:80 - create IPUIPlugin
2025-08-29 09:49:35,428 [INFO] PluginManager:220 - loadIPPluginJar : add ts
2025-08-29 09:49:35,450 [INFO] IPUIPlugin:80 - create IPUIPlugin
2025-08-29 09:49:35,450 [INFO] PluginManager:220 - loadIPPluginJar : add tsc
2025-08-29 09:49:35,470 [INFO] IPUIPlugin:80 - create IPUIPlugin
2025-08-29 09:49:35,470 [INFO] PluginManager:220 - loadIPPluginJar : add ucpd
2025-08-29 09:49:35,507 [INFO] IPUIPlugin:80 - create IPUIPlugin
2025-08-29 09:49:35,507 [INFO] PluginManager:220 - loadIPPluginJar : add usart
2025-08-29 09:49:35,545 [INFO] IPUIPlugin:80 - create IPUIPlugin
2025-08-29 09:49:35,545 [INFO] PluginManager:220 - loadIPPluginJar : add usbx
2025-08-29 09:49:35,664 [FATAL] Updater:351 - Updater called before beeing initialized
2025-08-29 09:49:35,708 [INFO] RulesReader:64 - Compatibility file has been processed (317 Rules)
2025-08-29 09:49:35,724 [INFO] RulesReader:64 - Compatibility file has been processed (317 Rules)
2025-08-29 09:49:35,735 [INFO] CADModel:165 - CPN selected for project level
2025-08-29 09:49:35,735 [INFO] CADModel:114 - Register for checkConnection events
2025-08-29 09:49:35,735 [FATAL] Updater:351 - Updater called before beeing initialized
2025-08-29 09:49:35,735 [ERROR] CADModel:125 - Updater not yet initialized, retry later 
2025-08-29 09:49:35,874 [FATAL] Updater:351 - Updater called before beeing initialized
2025-08-29 09:49:35,876 [INFO] CADModel:165 - CPN selected for project level
2025-08-29 09:49:35,877 [INFO] CADModel:114 - Register for checkConnection events
2025-08-29 09:49:35,877 [FATAL] Updater:351 - Updater called before beeing initialized
2025-08-29 09:49:35,877 [ERROR] CADModel:125 - Updater not yet initialized, retry later 
2025-08-29 09:49:35,880 [FATAL] Updater:351 - Updater called before beeing initialized
2025-08-29 09:49:35,985 [FATAL] Updater:351 - Updater called before beeing initialized
2025-08-29 09:49:35,999 [INFO] DbMcusAds:53 - JSON generation date=Tue Jul 08 13:44:23 IST 2025 (1751962463582)
2025-08-29 09:49:36,000 [FATAL] Updater:351 - Updater called before beeing initialized
2025-08-29 09:49:36,041 [WARN] DetailPanel:346 - Failed to get advertising image, set to default
2025-08-29 09:49:36,125 [FATAL] Updater:351 - Updater called before beeing initialized
2025-08-29 09:49:36,127 [FATAL] Updater:351 - Updater called before beeing initialized
2025-08-29 09:49:36,128 [FATAL] Updater:351 - Updater called before beeing initialized
2025-08-29 09:49:36,128 [WARN] DetailPanel:346 - Failed to get advertising image, set to default
2025-08-29 09:49:36,128 [FATAL] Updater:351 - Updater called before beeing initialized
2025-08-29 09:49:36,197 [ERROR] Updater:1198 - MainUpdater not yet initialized. External WinMGr cannot be set.
2025-08-29 09:49:36,207 [INFO] Updater:1134 - Updater Version found : 6.15.0
2025-08-29 09:49:36,227 [INFO] ApplicationProperties:184 - Using Application install path: C:\ST\STM32CubeIDE_1.19.0\STM32CubeIDE\plugins\com.st.stm32cube.common.mx_6.15.0.202507011659
2025-08-29 09:49:36,277 [INFO] ThirdPartyUpdaterWithRetryManager:70 - Updater plugin not ready yet. [2/15]
2025-08-29 09:49:37,813 [ERROR] LogOutputStream:75 - [STDERR_REDIRECT] Aug 29, 2025 9:49:37 AM java.util.prefs.WindowsPreferences <init>
2025-08-29 09:49:37,814 [ERROR] LogOutputStream:75 - [STDERR_REDIRECT] WARNING: Could not open/create prefs root node Software\JavaSoft\Prefs at root 0xffffffff80000002. Windows RegCreateKeyEx(...) returned error code 5.
2025-08-29 09:49:37,814 [ERROR] LogOutputStream:75 - [STDERR_REDIRECT] 
2025-08-29 09:49:38,239 [INFO] MainUpdater:2872 - connection check result : 10
2025-08-29 09:49:38,241 [INFO] MainUpdater:289 - Updater Check For Update Now.
2025-08-29 09:49:38,241 [INFO] MicroXplorer:498 - Change Database Version : DB.6.0.150
2025-08-29 09:49:38,264 [INFO] McuFinderGlobals:63 - Set McuFinder mode to 2 (CubeIDE integrated)
2025-08-29 09:49:38,275 [INFO] UserAuth:487 - Internet connection configuration mode: 1
2025-08-29 09:49:38,322 [INFO] JxBrowserEngine:152 - Initiate JxBrowser Engine with user profile folder
2025-08-29 09:49:38,471 [INFO] CheckServerUpdateThread:120 - End of CheckServer Thread
2025-08-29 09:49:39,317 [INFO] WebApp:169 - Instantiating new browser for Auth
2025-08-29 09:49:39,684 [WARN] PackLoader:240 - Cannot read IP mode file for STMicroelectronics.FP-SNS-MOTENVWB1.1.4.0
2025-08-29 09:49:39,705 [WARN] PackLoader:240 - Cannot read IP mode file for STMicroelectronics.FP-ATR-ASTRA1.2.0.2
2025-08-29 09:49:39,730 [WARN] PackLoader:240 - Cannot read IP mode file for STMicroelectronics.X-CUBE-SMBUS.2.1.0
2025-08-29 09:49:39,749 [WARN] PackLoader:240 - Cannot read IP mode file for STMicroelectronics.X-CUBE-ST60.1.0.0
2025-08-29 09:49:39,795 [WARN] PackLoader:240 - Cannot read IP mode file for STMicroelectronics.X-CUBE-AZRTOS-F7.1.1.0
2025-08-29 09:49:39,834 [WARN] PackLoader:240 - Cannot read IP mode file for Infineon.AIROC-Wi-Fi-Bluetooth-STM32.1.7.1
2025-08-29 09:49:39,889 [WARN] PackLoader:240 - Cannot read IP mode file for STMicroelectronics.X-CUBE-AZRTOS-H7.3.4.0
2025-08-29 09:49:39,910 [WARN] PackLoader:240 - Cannot read IP mode file for STMicroelectronics.X-CUBE-DISPLAY.3.0.0
2025-08-29 09:49:39,939 [WARN] PackLoader:240 - Cannot read IP mode file for STMicroelectronics.X-CUBE-NFC10.1.0.0
2025-08-29 09:49:39,964 [WARN] PackLoader:240 - Cannot read IP mode file for emotas.I-CUBE-CANOPEN.1.3.0
2025-08-29 09:49:39,989 [WARN] PackLoader:240 - Cannot read IP mode file for STMicroelectronics.FP-SNS-STBOX1.2.1.0
2025-08-29 09:49:40,044 [WARN] PackLoader:240 - Cannot read IP mode file for STMicroelectronics.FP-SNS-SMARTAG2.1.2.0
2025-08-29 09:49:40,116 [WARN] PackLoader:240 - Cannot read IP mode file for STMicroelectronics.FP-SNS-FLIGHT1.5.1.0
2025-08-29 09:49:40,141 [INFO] LogOutputStream:77 - [STDOUT_REDIRECT] 1 : Invalid condition id : UX_CORESTACK_Condition cause : null
2025-08-29 09:49:40,142 [INFO] LogOutputStream:77 - [STDOUT_REDIRECT] 1 : Invalid condition id : UX_CORESTACK_Condition cause : null
2025-08-29 09:49:40,144 [INFO] LogOutputStream:77 - [STDOUT_REDIRECT] 1 : Invalid condition id : UX_CORESTACK_Condition cause : null
2025-08-29 09:49:40,145 [INFO] LogOutputStream:77 - [STDOUT_REDIRECT] 1 : Invalid condition id : UX_CORESTACK_Condition cause : null
2025-08-29 09:49:40,147 [INFO] LogOutputStream:77 - [STDOUT_REDIRECT] 1 : Invalid condition id : UX_CORESTACK_Condition cause : null
2025-08-29 09:49:40,150 [WARN] PackLoader:240 - Cannot read IP mode file for STMicroelectronics.X-CUBE-AZRTOS-WL.2.0.0
2025-08-29 09:49:40,237 [WARN] PackLoader:240 - Cannot read IP mode file for STMicroelectronics.FP-SNS-MOTENV1.5.0.0
2025-08-29 09:49:40,286 [WARN] PackLoader:240 - Cannot read IP mode file for WES.I-CUBE-Cesium.1.3.0
2025-08-29 09:49:40,305 [WARN] PackLoader:240 - Cannot read IP mode file for STMicroelectronics.X-CUBE-BLE2.3.3.0
2025-08-29 09:49:40,332 [WARN] PackLoader:240 - Cannot read IP mode file for STMicroelectronics.X-CUBE-NFC9.1.0.0
2025-08-29 09:49:40,355 [WARN] PackLoader:240 - Cannot read IP mode file for wolfSSL.I-CUBE-wolfSSL.5.8.2
2025-08-29 09:49:40,375 [WARN] PackLoader:240 - Cannot read IP mode file for STMicroelectronics.X-CUBE-BLE1.7.1.0
2025-08-29 09:49:40,453 [WARN] PackLoader:240 - Cannot read IP mode file for wolfSSL.I-CUBE-wolfMQTT.1.19.2
2025-08-29 09:49:40,512 [WARN] PackLoader:240 - Cannot read IP mode file for STMicroelectronics.X-CUBE-EEPRMA1.5.2.0
2025-08-29 09:49:40,555 [WARN] PackLoader:240 - Cannot read IP mode file for STMicroelectronics.X-CUBE-AZRTOS-G0.1.1.0
2025-08-29 09:49:40,686 [WARN] PackLoader:240 - Cannot read IP mode file for STMicroelectronics.X-CUBE-SAFEA1.1.2.2
2025-08-29 09:49:40,707 [WARN] PackLoader:240 - Cannot read IP mode file for STMicroelectronics.X-CUBE-NFC4.3.0.0
2025-08-29 09:49:40,729 [WARN] PackLoader:240 - Cannot read IP mode file for STMicroelectronics.X-CUBE-WB05N.2.0.0
2025-08-29 09:49:40,752 [WARN] PackLoader:240 - Cannot read IP mode file for wolfSSL.I-CUBE-wolfTPM.3.8.0
2025-08-29 09:49:40,784 [WARN] PackLoader:240 - Cannot read IP mode file for STMicroelectronics.X-CUBE-TCPP.4.2.0
2025-08-29 09:49:40,871 [WARN] PackLoader:240 - Cannot read IP mode file for RealThread.X-CUBE-RT-Thread_Nano.4.1.1
2025-08-29 09:49:40,891 [WARN] PackLoader:240 - Cannot read IP mode file for STMicroelectronics.FP-ATR-SIGFOX1.3.2.0
2025-08-29 09:49:40,921 [WARN] PackLoader:240 - Cannot read IP mode file for ITTIA_DB.I-CUBE-ITTIADB.8.9.0
2025-08-29 09:49:40,979 [WARN] PackLoader:240 - Cannot read IP mode file for STMicroelectronics.X-CUBE-ST67W61.1.0.0
2025-08-29 09:49:41,000 [WARN] PackLoader:240 - Cannot read IP mode file for STMicroelectronics.X-CUBE-AI.10.2.0
2025-08-29 09:49:41,029 [INFO] WebApp:463 - Apply proxy settings
2025-08-29 09:49:41,029 [INFO] WebApp:548 - Chromium requires no authentication
2025-08-29 09:49:41,048 [INFO] WebApp:491 - Direct internet connection detected
2025-08-29 09:49:41,093 [WARN] PackLoader:240 - Cannot read IP mode file for SEGGER.I-CUBE-embOS.1.3.1
2025-08-29 09:49:41,264 [INFO] WebApp:900 - Register for checkConnection events
2025-08-29 09:49:41,264 [INFO] WebApp:463 - Apply proxy settings
2025-08-29 09:49:41,264 [INFO] WebApp:548 - Chromium requires no authentication
2025-08-29 09:49:41,265 [INFO] WebApp:491 - Direct internet connection detected
2025-08-29 09:49:41,297 [WARN] PackLoader:240 - Cannot read IP mode file for STMicroelectronics.X-CUBE-ALGOBUILD.1.4.0
2025-08-29 09:49:41,674 [WARN] PackLoader:240 - Cannot read IP mode file for STMicroelectronics.X-CUBE-MEMS1.11.3.0
2025-08-29 09:49:42,007 [INFO] WebApp:191 - Connection restablished
2025-08-29 09:49:42,063 [WARN] PackLoader:240 - Cannot read IP mode file for STMicroelectronics.X-CUBE-PM33A1.1.0.0
2025-08-29 09:49:42,121 [WARN] PackLoader:240 - Cannot read IP mode file for STMicroelectronics.X-CUBE-AZRTOS-F4.1.1.0
2025-08-29 09:49:42,151 [WARN] PackLoader:240 - Cannot read IP mode file for Avnet-IotConnect.X-CUBE-IoTC-DA16k-PMOD.1.0.0
2025-08-29 09:49:42,182 [WARN] PackLoader:240 - Cannot read IP mode file for STMicroelectronics.X-CUBE-ISPU.2.1.0
2025-08-29 09:49:42,304 [WARN] PackLoader:240 - Cannot read IP mode file for STMicroelectronics.X-CUBE-NFC12.1.0.0
2025-08-29 09:49:42,353 [INFO] WebApp:225 - Starting web application
2025-08-29 09:49:42,353 [INFO] WebApp:593 - Web application path used C:\ST\STM32CubeIDE_1.19.0\STM32CubeIDE\plugins\com.st.stm32cube.common.mx_6.15.0.202507011659\db\plugins\mcufinder\reactClient1\index.html
2025-08-29 09:49:42,385 [WARN] PackLoader:240 - Cannot read IP mode file for STMicroelectronics.X-CUBE-AZRTOS-L5.2.0.0
2025-08-29 09:49:42,551 [WARN] PackLoader:240 - Cannot read IP mode file for STMicroelectronics.X-CUBE-NFC6.3.1.0
2025-08-29 09:49:42,576 [WARN] PackLoader:240 - Cannot read IP mode file for STMicroelectronics.X-CUBE-FREERTOS.1.3.1
2025-08-29 09:49:42,726 [WARN] PackLoader:240 - Cannot read IP mode file for STMicroelectronics.FP-SNS-STAIOTCFT.1.0.0
2025-08-29 09:49:42,749 [WARN] PackLoader:240 - Cannot read IP mode file for STMicroelectronics.X-CUBE-DPower.1.3.0
2025-08-29 09:49:42,912 [WARN] ConditionMgr:438 - getConditionDescription Invalid condition id : LAN8742 Phy interface Condition cause : null
2025-08-29 09:49:42,912 [WARN] PackLoader:240 - Cannot read IP mode file for STMicroelectronics.X-CUBE-AZRTOS-L4.2.0.0
2025-08-29 09:49:42,913 [WARN] ConditionMgr:1044 - genDependencies : Invalid condition id : LAN8742 Phy interface Condition cause : null
2025-08-29 09:49:42,914 [WARN] ConditionMgr:1044 - genDependencies : Invalid condition id : LAN8742 Phy interface Condition cause : null
2025-08-29 09:49:42,914 [WARN] ConditionMgr:1044 - genDependencies : Invalid condition id : LAN8742 Phy interface Condition cause : null
2025-08-29 09:49:42,939 [WARN] PackLoader:240 - Cannot read IP mode file for STMicroelectronics.X-CUBE-SFXS2LP1.4.0.0
2025-08-29 09:49:42,966 [WARN] PackLoader:240 - Cannot read IP mode file for STMicroelectronics.X-CUBE-BLEMGR.4.1.0
2025-08-29 09:49:43,169 [WARN] ConditionMgr:438 - getConditionDescription Invalid condition id : UX DEVICE CLASS RTOS Condition cause : null
2025-08-29 09:49:43,170 [WARN] ConditionMgr:438 - getConditionDescription Invalid condition id : UX DEVICE CLASS RTOS Condition cause : null
2025-08-29 09:49:43,172 [WARN] PackLoader:240 - Cannot read IP mode file for STMicroelectronics.X-CUBE-AZRTOS-WB.2.0.0
2025-08-29 09:49:43,172 [WARN] ConditionMgr:1044 - genDependencies : Invalid condition id : UX DEVICE CLASS RTOS Condition cause : null
2025-08-29 09:49:43,173 [WARN] ConditionMgr:1044 - genDependencies : Invalid condition id : UX DEVICE CLASS RTOS Condition cause : null
2025-08-29 09:49:43,173 [WARN] ConditionMgr:1044 - genDependencies : Invalid condition id : UX DEVICE CLASS RTOS Condition cause : null
2025-08-29 09:49:43,173 [WARN] ConditionMgr:1044 - genDependencies : Invalid condition id : UX DEVICE CLASS RTOS Condition cause : null
2025-08-29 09:49:43,173 [WARN] ConditionMgr:1044 - genDependencies : Invalid condition id : UX DEVICE CLASS RTOS Condition cause : null
2025-08-29 09:49:43,209 [WARN] PackLoader:240 - Cannot read IP mode file for STMicroelectronics.X-CUBE-GNSS1.7.0.1
2025-08-29 09:49:43,238 [WARN] PackLoader:240 - Cannot read IP mode file for STMicroelectronics.X-CUBE-TOUCHGFX.4.25.0
2025-08-29 09:49:43,262 [WARN] ConditionMgr:438 - getConditionDescription Invalid condition id : Cortex-A Device cause : null
2025-08-29 09:49:43,310 [WARN] ConditionMgr:1044 - genDependencies : Invalid condition id : Cortex-A Device cause : null
2025-08-29 09:49:43,310 [WARN] ConditionMgr:1044 - genDependencies : Invalid condition id : Cortex-A Device cause : null
2025-08-29 09:49:43,310 [WARN] ConditionMgr:1044 - genDependencies : Invalid condition id : Cortex-A Device cause : null
2025-08-29 09:49:43,349 [WARN] PackLoader:240 - Cannot read IP mode file for STMicroelectronics.X-CUBE-SUBG2.5.0.0
2025-08-29 09:49:43,506 [WARN] PackLoader:240 - Cannot read IP mode file for STMicroelectronics.X-CUBE-AZRTOS-H7RS.1.1.0
2025-08-29 09:49:43,537 [WARN] PackLoader:240 - Cannot read IP mode file for Cesanta.I-CUBE-Mongoose.7.13.0
2025-08-29 09:49:43,674 [WARN] PackLoader:240 - Cannot read IP mode file for STMicroelectronics.X-CUBE-AZRTOS-G4.2.0.0
2025-08-29 09:49:43,704 [WARN] PackLoader:240 - Cannot read IP mode file for wolfSSL.I-CUBE-wolfSSH.1.4.20
2025-08-29 09:49:43,727 [WARN] PackLoader:240 - Cannot read IP mode file for STMicroelectronics.X-CUBE-NFC7.2.0.0
2025-08-29 09:49:43,868 [WARN] PackLoader:240 - Cannot read IP mode file for STMicroelectronics.X-CUBE-IPS.3.1.0
2025-08-29 09:49:43,891 [WARN] PackLoader:240 - Cannot read IP mode file for STMicroelectronics.X-CUBE-ALS.1.0.2
2025-08-29 09:49:43,915 [WARN] PackLoader:240 - Cannot read IP mode file for portGmbH.I-Cube-SoM-uGOAL.1.1.0
2025-08-29 09:49:43,940 [WARN] PackLoader:240 - Cannot read IP mode file for STMicroelectronics.X-CUBE-TOF1.3.4.3
2025-08-29 09:49:43,948 [INFO] ThirdParty:978 - Integrity check success = true
2025-08-29 09:49:43,948 [INFO] IntegrityCheckThread:100 - exiting critical section [integrity check]
2025-08-29 09:49:43,948 [INFO] IntegrityCheckThread:103 - End integrity checks thread
2025-08-29 09:49:43,980 [INFO] UserAuth:487 - Internet connection configuration mode: 1
2025-08-29 09:50:27,953 [INFO] WebApp:194 - Connection lost
2025-08-29 09:50:28,155 [INFO] WebApp:191 - Connection restablished
2025-08-29 10:01:13,273 [ERROR] LogOutputStream:75 - [STDERR_REDIRECT] 
2025-08-29 10:03:53,123 [INFO] Activator:176 - 


2025-08-29 10:03:53,127 [INFO] Activator:177 - !SESSION log4j initialized
2025-08-29 10:03:59,039 [INFO] LogOutputStream:77 - [STDOUT_REDIRECT] 
2025-08-29 10:04:00,127 [INFO] ApplicationProperties:184 - Using Application install path: C:\ST\STM32CubeIDE_1.19.0\STM32CubeIDE\plugins\com.st.stm32cube.common.mx_6.15.0.202507011659
2025-08-29 10:04:00,148 [INFO] DbMcusXml:78 - Set database path to: C:\ST\STM32CubeIDE_1.19.0\STM32CubeIDE\plugins\com.st.stm32cube.common.mx_6.15.0.202507011659\\db\/mcu/
2025-08-29 10:04:00,148 [INFO] ApiDb:274 - Set plugin database path to: C:\ST\STM32CubeIDE_1.19.0\STM32CubeIDE\plugins\com.st.stm32cube.common.mx_6.15.0.202507011659\\db\/plugins/boardmanager/
2025-08-29 10:04:00,149 [WARN] ApiDb:259 - Overriding images path with different value:  => C:\ST\STM32CubeIDE_1.19.0\STM32CubeIDE\plugins\com.st.stm32cube.common.mx_6.15.0.202507011659\\db\/plugins/mcufinder/images/
2025-08-29 10:04:00,155 [INFO] ApiDb:250 - Set database path to: C:\Users\subha\.stmcufinder\plugins\mcufinder//mcu/
2025-08-29 10:04:00,157 [INFO] DbMcusAds:125 - Set database path to: C:\Users\subha\.stmcufinder\plugins\mcufinder//mcu/
2025-08-29 10:04:00,160 [INFO] CrossReferenceDbSqlite:203 - Set database path to: C:\Users\subha\.stmcufinder\plugins\mcufinder//mcu/cs/
2025-08-29 10:04:00,287 [INFO] RulesReader:64 - Compatibility file has been processed (317 Rules)
2025-08-29 10:04:00,365 [INFO] DbMcusXml:78 - Set database path to: C:\ST\STM32CubeIDE_1.19.0\STM32CubeIDE\plugins\com.st.stm32cube.common.mx_6.15.0.202507011659\\db\/mcu/
2025-08-29 10:04:00,365 [INFO] ApiDb:274 - Set plugin database path to: C:\ST\STM32CubeIDE_1.19.0\STM32CubeIDE\plugins\com.st.stm32cube.common.mx_6.15.0.202507011659\\db\/plugins/boardmanager/
2025-08-29 10:04:00,366 [INFO] ApiDb:261 - Set plugin images path to: C:\ST\STM32CubeIDE_1.19.0\STM32CubeIDE\plugins\com.st.stm32cube.common.mx_6.15.0.202507011659\\db\/plugins/mcufinder/images/
2025-08-29 10:04:00,366 [WARN] DbFile:41 - Overriding database path with different value: C:\Users\subha\.stmcufinder\plugins\mcufinder/ => C:\Users\subha\.stmcufinder\plugins\mcufinder
2025-08-29 10:04:00,367 [INFO] ApiDb:250 - Set database path to: C:\Users\subha\.stmcufinder\plugins\mcufinder//mcu/
2025-08-29 10:04:00,367 [WARN] DbFile:41 - Overriding database path with different value: C:\Users\subha\.stmcufinder\plugins\mcufinder/ => C:\Users\subha\.stmcufinder\plugins\mcufinder
2025-08-29 10:04:00,367 [INFO] DbMcusAds:125 - Set database path to: C:\Users\subha\.stmcufinder\plugins\mcufinder//mcu/
2025-08-29 10:04:00,367 [WARN] DbFile:41 - Overriding database path with different value: C:\Users\subha\.stmcufinder\plugins\mcufinder/ => C:\Users\subha\.stmcufinder\plugins\mcufinder
2025-08-29 10:04:00,367 [WARN] DbFile:41 - Overriding database path with different value: C:\Users\subha\.stmcufinder\plugins\mcufinder/ => C:\Users\subha\.stmcufinder\plugins\mcufinder
2025-08-29 10:04:00,367 [INFO] CrossReferenceDbSqlite:203 - Set database path to: C:\Users\subha\.stmcufinder\plugins\mcufinder//mcu/cs/
2025-08-29 10:04:00,454 [INFO] MainPanel:274 - HeapMemory: 268435456
2025-08-29 10:04:00,545 [INFO] DbMcusXml:78 - Set database path to: C:\ST\STM32CubeIDE_1.19.0\STM32CubeIDE\plugins\com.st.stm32cube.common.mx_6.15.0.202507011659\\db\/mcu/
2025-08-29 10:04:00,547 [INFO] ApiDb:274 - Set plugin database path to: C:\ST\STM32CubeIDE_1.19.0\STM32CubeIDE\plugins\com.st.stm32cube.common.mx_6.15.0.202507011659\\db\/plugins/boardmanager/
2025-08-29 10:04:00,547 [INFO] ApiDb:261 - Set plugin images path to: C:\ST\STM32CubeIDE_1.19.0\STM32CubeIDE\plugins\com.st.stm32cube.common.mx_6.15.0.202507011659\\db\/plugins/mcufinder/images/
2025-08-29 10:04:00,547 [WARN] DbFile:41 - Overriding database path with different value: C:\Users\subha\.stmcufinder\plugins\mcufinder/ => C:\Users\subha\.stmcufinder\plugins\mcufinder
2025-08-29 10:04:00,547 [INFO] ApiDb:250 - Set database path to: C:\Users\subha\.stmcufinder\plugins\mcufinder//mcu/
2025-08-29 10:04:00,547 [WARN] DbFile:41 - Overriding database path with different value: C:\Users\subha\.stmcufinder\plugins\mcufinder/ => C:\Users\subha\.stmcufinder\plugins\mcufinder
2025-08-29 10:04:00,547 [INFO] DbMcusAds:125 - Set database path to: C:\Users\subha\.stmcufinder\plugins\mcufinder//mcu/
2025-08-29 10:04:00,547 [WARN] DbFile:41 - Overriding database path with different value: C:\Users\subha\.stmcufinder\plugins\mcufinder/ => C:\Users\subha\.stmcufinder\plugins\mcufinder
2025-08-29 10:04:00,548 [WARN] DbFile:41 - Overriding database path with different value: C:\Users\subha\.stmcufinder\plugins\mcufinder/ => C:\Users\subha\.stmcufinder\plugins\mcufinder
2025-08-29 10:04:00,548 [INFO] CrossReferenceDbSqlite:203 - Set database path to: C:\Users\subha\.stmcufinder\plugins\mcufinder//mcu/cs/
2025-08-29 10:04:00,569 [INFO] ApplicationProperties:184 - Using Application install path: C:\ST\STM32CubeIDE_1.19.0\STM32CubeIDE\plugins\com.st.stm32cube.common.mx_6.15.0.202507011659
2025-08-29 10:04:00,570 [INFO] PluginManage:196 - Search for loadable plugins [exclusion list=, ]
2025-08-29 10:04:00,572 [INFO] PluginManage:310 - Check plugin analytics
2025-08-29 10:04:00,829 [INFO] AnalyticsPlugin:253 - Accepted Software Licenses: 
2025-08-29 10:04:00,829 [INFO] AnalyticsPlugin:255 - Accepted CMSIS Pack Licenses: 
2025-08-29 10:04:00,830 [INFO] AnalyticsPlugin:257 - Accepted Firmware Licenses: FW.F4.1.28.0,FW.L4.1.18.0
2025-08-29 10:04:00,836 [INFO] PluginManage:359 - Loaded plugin analytics (category:tool,tabindex:-1)
2025-08-29 10:04:00,837 [INFO] PluginManage:310 - Check plugin cadmodel
2025-08-29 10:04:00,843 [INFO] CADModel:105 - Init CAD model plugin
2025-08-29 10:04:00,843 [INFO] PluginManage:359 - Loaded plugin cadmodel (category:power,tabindex:5)
2025-08-29 10:04:00,847 [INFO] PluginManage:310 - Check plugin clock
2025-08-29 10:04:00,861 [INFO] PluginManage:359 - Loaded plugin clock (category:base,tabindex:2)
2025-08-29 10:04:00,861 [INFO] PluginManage:310 - Check plugin ddr
2025-08-29 10:04:00,865 [INFO] PluginManage:359 - Loaded plugin ddr (category:tool,tabindex:6)
2025-08-29 10:04:00,866 [INFO] PluginManage:310 - Check plugin filemanager
2025-08-29 10:04:01,039 [INFO] PluginManage:359 - Loaded plugin filemanager (category:base,tabindex:10)
2025-08-29 10:04:01,039 [INFO] PluginManage:310 - Check plugin ipmanager
2025-08-29 10:04:01,056 [INFO] PluginManage:359 - Loaded plugin ipmanager (category:base,tabindex:5)
2025-08-29 10:04:01,057 [INFO] PluginManage:310 - Check plugin lpbam
2025-08-29 10:04:01,065 [INFO] PluginManage:359 - Loaded plugin lpbam (category:base,tabindex:0)
2025-08-29 10:04:01,065 [INFO] PluginManage:310 - Check plugin memorymap
2025-08-29 10:04:01,078 [INFO] PluginManage:359 - Loaded plugin memorymap (category:base,tabindex:4)
2025-08-29 10:04:01,078 [INFO] PluginManage:310 - Check plugin pinoutandconfiguration
2025-08-29 10:04:01,087 [INFO] PluginManage:359 - Loaded plugin pinoutandconfiguration (category:base,tabindex:1)
2025-08-29 10:04:01,087 [INFO] PluginManage:310 - Check plugin pinoutconfig
2025-08-29 10:04:01,198 [WARN] SupportedApi:132 - Cannot load RTOS API schema: s4s-elt-must-match.1: The content of 'definitions' must match (annotation?, (simpleType | complexType)?, (unique | key | keyref)*)). A problem was found starting at: attribute.
2025-08-29 10:04:01,327 [INFO] PluginManage:359 - Loaded plugin pinoutconfig (category:base,tabindex:0)
2025-08-29 10:04:01,327 [INFO] PluginManage:310 - Check plugin power
2025-08-29 10:04:01,338 [INFO] PluginManage:359 - Loaded plugin power (category:power,tabindex:4)
2025-08-29 10:04:01,338 [INFO] PluginManage:310 - Check plugin projectmanager
2025-08-29 10:04:01,363 [INFO] PluginManage:359 - Loaded plugin projectmanager (category:projectmanager,tabindex:4)
2025-08-29 10:04:01,363 [INFO] PluginManage:310 - Check plugin rif
2025-08-29 10:04:01,378 [INFO] PluginManage:359 - Loaded plugin rif (category:base,tabindex:3)
2025-08-29 10:04:01,380 [INFO] PluginManage:310 - Check plugin thirdparty
2025-08-29 10:04:01,534 [INFO] PluginManage:359 - Loaded plugin thirdparty (category:base,tabindex:-1)
2025-08-29 10:04:01,534 [INFO] PluginManage:310 - Check plugin tools
2025-08-29 10:04:01,534 [WARN] IntegrityCheckThread:84 - waiting for thirdparty lock release [integrity check]
2025-08-29 10:04:01,535 [INFO] IntegrityCheckThread:86 - entering critical section [integrity check]
2025-08-29 10:04:01,535 [INFO] ThirdPartyUpdaterWithRetryManager:70 - Updater plugin not ready yet. [1/15]
2025-08-29 10:04:01,537 [INFO] PluginManage:359 - Loaded plugin tools (category:base,tabindex:7)
2025-08-29 10:04:01,537 [INFO] PluginManage:310 - Check plugin tutovideos
2025-08-29 10:04:01,734 [INFO] PluginManage:359 - Loaded plugin tutovideos (category:base,tabindex:-1)
2025-08-29 10:04:01,735 [INFO] PluginManage:310 - Check plugin updater
2025-08-29 10:04:01,759 [INFO] PluginManage:359 - Loaded plugin updater (category:base,tabindex:12)
2025-08-29 10:04:01,759 [INFO] PluginManage:310 - Check plugin userauth
2025-08-29 10:04:01,763 [INFO] UserAuth:118 - Init User Auth plugin
2025-08-29 10:04:01,763 [INFO] PluginManage:359 - Loaded plugin userauth (category:base,tabindex:14)
2025-08-29 10:04:01,765 [INFO] PluginManage:283 - PluginManage : Loaded plugins [18]
2025-08-29 10:04:02,004 [INFO] PinOutPanel:1589 - setPackage(No Configuration,No Configuration)
2025-08-29 10:04:02,114 [INFO] CADModel:165 - CPN selected for project level
2025-08-29 10:04:02,114 [INFO] CADModel:114 - Register for checkConnection events
2025-08-29 10:04:02,135 [INFO] IPUIPlugin:80 - create IPUIPlugin
2025-08-29 10:04:02,135 [INFO] PluginManager:220 - loadIPPluginJar : add adc
2025-08-29 10:04:02,141 [INFO] IPUIPlugin:80 - create IPUIPlugin
2025-08-29 10:04:02,141 [INFO] PluginManager:220 - loadIPPluginJar : add aes
2025-08-29 10:04:02,144 [INFO] IPUIPlugin:80 - create IPUIPlugin
2025-08-29 10:04:02,145 [INFO] PluginManager:220 - loadIPPluginJar : add can
2025-08-29 10:04:02,149 [INFO] IPUIPlugin:80 - create IPUIPlugin
2025-08-29 10:04:02,149 [INFO] PluginManager:220 - loadIPPluginJar : add comp
2025-08-29 10:04:02,152 [INFO] IPUIPlugin:80 - create IPUIPlugin
2025-08-29 10:04:02,152 [INFO] PluginManager:220 - loadIPPluginJar : add cryp
2025-08-29 10:04:02,156 [INFO] IPUIPlugin:80 - create IPUIPlugin
2025-08-29 10:04:02,157 [INFO] PluginManager:220 - loadIPPluginJar : add ddr_ctrl_phy
2025-08-29 10:04:02,160 [INFO] IPUIPlugin:80 - create IPUIPlugin
2025-08-29 10:04:02,160 [INFO] PluginManager:220 - loadIPPluginJar : add dfsdm
2025-08-29 10:04:02,167 [INFO] IPUIPlugin:80 - create IPUIPlugin
2025-08-29 10:04:02,168 [INFO] PluginManager:220 - loadIPPluginJar : add dma
2025-08-29 10:04:02,172 [INFO] IPUIPlugin:80 - create IPUIPlugin
2025-08-29 10:04:02,172 [INFO] PluginManager:220 - loadIPPluginJar : add dma3
2025-08-29 10:04:02,175 [INFO] IPUIPlugin:80 - create IPUIPlugin
2025-08-29 10:04:02,175 [INFO] PluginManager:220 - loadIPPluginJar : add extmemmanager
2025-08-29 10:04:02,177 [INFO] IPUIPlugin:80 - create IPUIPlugin
2025-08-29 10:04:02,177 [INFO] PluginManager:220 - loadIPPluginJar : add fatfs
2025-08-29 10:04:02,183 [INFO] IPUIPlugin:80 - create IPUIPlugin
2025-08-29 10:04:02,183 [INFO] PluginManager:220 - loadIPPluginJar : add fmc
2025-08-29 10:04:02,191 [INFO] IPUIPlugin:80 - create IPUIPlugin
2025-08-29 10:04:02,191 [INFO] PluginManager:220 - loadIPPluginJar : add freertos
2025-08-29 10:04:02,192 [INFO] IPUIPlugin:80 - create IPUIPlugin
2025-08-29 10:04:02,192 [INFO] PluginManager:220 - loadIPPluginJar : add genericplugin
2025-08-29 10:04:02,195 [INFO] IPUIPlugin:80 - create IPUIPlugin
2025-08-29 10:04:02,195 [INFO] PluginManager:220 - loadIPPluginJar : add gfxmmu
2025-08-29 10:04:02,202 [INFO] IPUIPlugin:80 - create IPUIPlugin
2025-08-29 10:04:02,202 [INFO] PluginManager:220 - loadIPPluginJar : add gic
2025-08-29 10:04:02,206 [INFO] IPUIPlugin:80 - create IPUIPlugin
2025-08-29 10:04:02,206 [INFO] PluginManager:220 - loadIPPluginJar : add gpio
2025-08-29 10:04:02,210 [INFO] IPUIPlugin:80 - create IPUIPlugin
2025-08-29 10:04:02,210 [INFO] PluginManager:220 - loadIPPluginJar : add gtzc
2025-08-29 10:04:02,214 [INFO] IPUIPlugin:80 - create IPUIPlugin
2025-08-29 10:04:02,215 [INFO] PluginManager:220 - loadIPPluginJar : add hash
2025-08-29 10:04:02,219 [INFO] IPUIPlugin:80 - create IPUIPlugin
2025-08-29 10:04:02,219 [INFO] PluginManager:220 - loadIPPluginJar : add i2c
2025-08-29 10:04:02,223 [INFO] IPUIPlugin:80 - create IPUIPlugin
2025-08-29 10:04:02,223 [INFO] PluginManager:220 - loadIPPluginJar : add i2s
2025-08-29 10:04:02,227 [INFO] IPUIPlugin:80 - create IPUIPlugin
2025-08-29 10:04:02,228 [INFO] PluginManager:220 - loadIPPluginJar : add i3c
2025-08-29 10:04:02,231 [INFO] IPUIPlugin:80 - create IPUIPlugin
2025-08-29 10:04:02,232 [INFO] PluginManager:220 - loadIPPluginJar : add ipddr
2025-08-29 10:04:02,240 [INFO] IPUIPlugin:80 - create IPUIPlugin
2025-08-29 10:04:02,241 [INFO] PluginManager:220 - loadIPPluginJar : add linkedlist
2025-08-29 10:04:02,245 [INFO] IPUIPlugin:80 - create IPUIPlugin
2025-08-29 10:04:02,246 [INFO] PluginManager:220 - loadIPPluginJar : add lorawan
2025-08-29 10:04:02,248 [INFO] IPUIPlugin:80 - create IPUIPlugin
2025-08-29 10:04:02,248 [INFO] PluginManager:220 - loadIPPluginJar : add ltdc
2025-08-29 10:04:02,255 [INFO] IPUIPlugin:80 - create IPUIPlugin
2025-08-29 10:04:02,255 [INFO] PluginManager:220 - loadIPPluginJar : add mdma
2025-08-29 10:04:02,260 [INFO] IPUIPlugin:80 - create IPUIPlugin
2025-08-29 10:04:02,261 [INFO] PluginManager:220 - loadIPPluginJar : add nvic
2025-08-29 10:04:02,267 [INFO] IPUIPlugin:80 - create IPUIPlugin
2025-08-29 10:04:02,267 [INFO] PluginManager:220 - loadIPPluginJar : add opamp
2025-08-29 10:04:02,271 [INFO] IPUIPlugin:80 - create IPUIPlugin
2025-08-29 10:04:02,271 [INFO] PluginManager:220 - loadIPPluginJar : add openamp
2025-08-29 10:04:02,277 [INFO] IPUIPlugin:80 - create IPUIPlugin
2025-08-29 10:04:02,277 [INFO] PluginManager:220 - loadIPPluginJar : add pdm2pcm
2025-08-29 10:04:02,286 [INFO] IPUIPlugin:80 - create IPUIPlugin
2025-08-29 10:04:02,291 [INFO] PluginManager:220 - loadIPPluginJar : add plateformsettings
2025-08-29 10:04:02,294 [INFO] IPUIPlugin:80 - create IPUIPlugin
2025-08-29 10:04:02,294 [INFO] PluginManager:220 - loadIPPluginJar : add quadspi
2025-08-29 10:04:02,296 [INFO] IPUIPlugin:80 - create IPUIPlugin
2025-08-29 10:04:02,297 [INFO] PluginManager:220 - loadIPPluginJar : add radio
2025-08-29 10:04:02,301 [INFO] IPUIPlugin:80 - create IPUIPlugin
2025-08-29 10:04:02,301 [INFO] PluginManager:220 - loadIPPluginJar : add resmgrutility
2025-08-29 10:04:02,306 [INFO] IPUIPlugin:80 - create IPUIPlugin
2025-08-29 10:04:02,306 [INFO] PluginManager:220 - loadIPPluginJar : add sai
2025-08-29 10:04:02,310 [INFO] IPUIPlugin:80 - create IPUIPlugin
2025-08-29 10:04:02,310 [INFO] PluginManager:220 - loadIPPluginJar : add spi
2025-08-29 10:04:02,319 [INFO] IPUIPlugin:80 - create IPUIPlugin
2025-08-29 10:04:02,320 [INFO] PluginManager:220 - loadIPPluginJar : add stm32_wpan
2025-08-29 10:04:02,323 [INFO] IPUIPlugin:80 - create IPUIPlugin
2025-08-29 10:04:02,323 [INFO] PluginManager:220 - loadIPPluginJar : add tim
2025-08-29 10:04:02,327 [INFO] IPUIPlugin:80 - create IPUIPlugin
2025-08-29 10:04:02,327 [INFO] PluginManager:220 - loadIPPluginJar : add touchsensing
2025-08-29 10:04:02,331 [INFO] IPUIPlugin:80 - create IPUIPlugin
2025-08-29 10:04:02,331 [INFO] PluginManager:220 - loadIPPluginJar : add tracer_emb
2025-08-29 10:04:02,333 [INFO] IPUIPlugin:80 - create IPUIPlugin
2025-08-29 10:04:02,334 [INFO] PluginManager:220 - loadIPPluginJar : add ts
2025-08-29 10:04:02,336 [INFO] IPUIPlugin:80 - create IPUIPlugin
2025-08-29 10:04:02,337 [INFO] PluginManager:220 - loadIPPluginJar : add tsc
2025-08-29 10:04:02,340 [INFO] IPUIPlugin:80 - create IPUIPlugin
2025-08-29 10:04:02,340 [INFO] PluginManager:220 - loadIPPluginJar : add ucpd
2025-08-29 10:04:02,343 [INFO] IPUIPlugin:80 - create IPUIPlugin
2025-08-29 10:04:02,344 [INFO] PluginManager:220 - loadIPPluginJar : add usart
2025-08-29 10:04:02,348 [INFO] IPUIPlugin:80 - create IPUIPlugin
2025-08-29 10:04:02,348 [INFO] PluginManager:220 - loadIPPluginJar : add usbx
2025-08-29 10:04:02,492 [FATAL] Updater:351 - Updater called before beeing initialized
2025-08-29 10:04:02,546 [INFO] RulesReader:64 - Compatibility file has been processed (317 Rules)
2025-08-29 10:04:02,563 [INFO] RulesReader:64 - Compatibility file has been processed (317 Rules)
2025-08-29 10:04:02,577 [INFO] CADModel:165 - CPN selected for project level
2025-08-29 10:04:02,578 [INFO] CADModel:114 - Register for checkConnection events
2025-08-29 10:04:02,578 [FATAL] Updater:351 - Updater called before beeing initialized
2025-08-29 10:04:02,578 [ERROR] CADModel:125 - Updater not yet initialized, retry later 
2025-08-29 10:04:02,742 [FATAL] Updater:351 - Updater called before beeing initialized
2025-08-29 10:04:02,744 [INFO] CADModel:165 - CPN selected for project level
2025-08-29 10:04:02,744 [INFO] CADModel:114 - Register for checkConnection events
2025-08-29 10:04:02,744 [FATAL] Updater:351 - Updater called before beeing initialized
2025-08-29 10:04:02,744 [ERROR] CADModel:125 - Updater not yet initialized, retry later 
2025-08-29 10:04:02,748 [FATAL] Updater:351 - Updater called before beeing initialized
2025-08-29 10:04:02,884 [FATAL] Updater:351 - Updater called before beeing initialized
2025-08-29 10:04:02,890 [INFO] DbMcusAds:53 - JSON generation date=Tue Jul 08 13:44:23 IST 2025 (1751962463582)
2025-08-29 10:04:02,891 [FATAL] Updater:351 - Updater called before beeing initialized
2025-08-29 10:04:02,927 [WARN] DetailPanel:346 - Failed to get advertising image, set to default
2025-08-29 10:04:03,019 [FATAL] Updater:351 - Updater called before beeing initialized
2025-08-29 10:04:03,021 [FATAL] Updater:351 - Updater called before beeing initialized
2025-08-29 10:04:03,022 [FATAL] Updater:351 - Updater called before beeing initialized
2025-08-29 10:04:03,022 [WARN] DetailPanel:346 - Failed to get advertising image, set to default
2025-08-29 10:04:03,023 [FATAL] Updater:351 - Updater called before beeing initialized
2025-08-29 10:04:03,087 [ERROR] Updater:1198 - MainUpdater not yet initialized. External WinMGr cannot be set.
2025-08-29 10:04:03,090 [INFO] Updater:1134 - Updater Version found : 6.15.0
2025-08-29 10:04:03,117 [INFO] ApplicationProperties:184 - Using Application install path: C:\ST\STM32CubeIDE_1.19.0\STM32CubeIDE\plugins\com.st.stm32cube.common.mx_6.15.0.202507011659
2025-08-29 10:04:04,536 [INFO] ThirdPartyUpdaterWithRetryManager:70 - Updater plugin not ready yet. [2/15]
2025-08-29 10:04:04,693 [ERROR] LogOutputStream:75 - [STDERR_REDIRECT] Aug 29, 2025 10:04:04 AM java.util.prefs.WindowsPreferences <init>
2025-08-29 10:04:04,695 [ERROR] LogOutputStream:75 - [STDERR_REDIRECT] WARNING: Could not open/create prefs root node Software\JavaSoft\Prefs at root 0xffffffff80000002. Windows RegCreateKeyEx(...) returned error code 5.
2025-08-29 10:04:04,695 [ERROR] LogOutputStream:75 - [STDERR_REDIRECT] 
2025-08-29 10:04:05,159 [INFO] MainUpdater:2872 - connection check result : 10
2025-08-29 10:04:05,160 [INFO] MainUpdater:289 - Updater Check For Update Now.
2025-08-29 10:04:05,160 [INFO] MicroXplorer:498 - Change Database Version : DB.6.0.150
2025-08-29 10:04:05,224 [INFO] McuFinderGlobals:63 - Set McuFinder mode to 2 (CubeIDE integrated)
2025-08-29 10:04:05,225 [INFO] UserAuth:487 - Internet connection configuration mode: 1
2025-08-29 10:04:05,265 [INFO] JxBrowserEngine:152 - Initiate JxBrowser Engine with user profile folder
2025-08-29 10:04:05,435 [INFO] CheckServerUpdateThread:120 - End of CheckServer Thread
2025-08-29 10:04:05,990 [INFO] WebApp:169 - Instantiating new browser for Auth
2025-08-29 10:04:06,763 [INFO] WebApp:463 - Apply proxy settings
2025-08-29 10:04:06,764 [INFO] WebApp:548 - Chromium requires no authentication
2025-08-29 10:04:06,771 [INFO] WebApp:491 - Direct internet connection detected
2025-08-29 10:04:06,800 [INFO] WebApp:900 - Register for checkConnection events
2025-08-29 10:04:06,800 [INFO] WebApp:463 - Apply proxy settings
2025-08-29 10:04:06,800 [INFO] WebApp:548 - Chromium requires no authentication
2025-08-29 10:04:06,801 [INFO] WebApp:491 - Direct internet connection detected
2025-08-29 10:04:06,963 [INFO] WebApp:225 - Starting web application
2025-08-29 10:04:06,963 [INFO] WebApp:593 - Web application path used C:\ST\STM32CubeIDE_1.19.0\STM32CubeIDE\plugins\com.st.stm32cube.common.mx_6.15.0.202507011659\db\plugins\mcufinder\reactClient1\index.html
2025-08-29 10:04:07,063 [INFO] UserAuth:487 - Internet connection configuration mode: 1
2025-08-29 10:04:07,386 [INFO] WebApp:191 - Connection restablished
2025-08-29 10:04:07,843 [WARN] PackLoader:240 - Cannot read IP mode file for STMicroelectronics.FP-SNS-MOTENVWB1.1.4.0
2025-08-29 10:04:07,854 [WARN] PackLoader:240 - Cannot read IP mode file for STMicroelectronics.FP-ATR-ASTRA1.2.0.2
2025-08-29 10:04:07,865 [WARN] PackLoader:240 - Cannot read IP mode file for STMicroelectronics.X-CUBE-SMBUS.2.1.0
2025-08-29 10:04:07,872 [WARN] PackLoader:240 - Cannot read IP mode file for STMicroelectronics.X-CUBE-ST60.1.0.0
2025-08-29 10:04:07,933 [WARN] PackLoader:240 - Cannot read IP mode file for STMicroelectronics.X-CUBE-AZRTOS-F7.1.1.0
2025-08-29 10:04:07,981 [WARN] PackLoader:240 - Cannot read IP mode file for Infineon.AIROC-Wi-Fi-Bluetooth-STM32.1.7.1
2025-08-29 10:04:08,032 [WARN] PackLoader:240 - Cannot read IP mode file for STMicroelectronics.X-CUBE-AZRTOS-H7.3.4.0
2025-08-29 10:04:08,050 [WARN] PackLoader:240 - Cannot read IP mode file for STMicroelectronics.X-CUBE-DISPLAY.3.0.0
2025-08-29 10:04:08,070 [WARN] PackLoader:240 - Cannot read IP mode file for STMicroelectronics.X-CUBE-NFC10.1.0.0
2025-08-29 10:04:08,081 [WARN] PackLoader:240 - Cannot read IP mode file for emotas.I-CUBE-CANOPEN.1.3.0
2025-08-29 10:04:08,093 [WARN] PackLoader:240 - Cannot read IP mode file for STMicroelectronics.FP-SNS-STBOX1.2.1.0
2025-08-29 10:04:08,105 [WARN] PackLoader:240 - Cannot read IP mode file for STMicroelectronics.FP-SNS-SMARTAG2.1.2.0
2025-08-29 10:04:08,115 [WARN] PackLoader:240 - Cannot read IP mode file for STMicroelectronics.FP-SNS-FLIGHT1.5.1.0
2025-08-29 10:04:08,128 [INFO] LogOutputStream:77 - [STDOUT_REDIRECT] 1 : Invalid condition id : UX_CORESTACK_Condition cause : null
2025-08-29 10:04:08,129 [INFO] LogOutputStream:77 - [STDOUT_REDIRECT] 1 : Invalid condition id : UX_CORESTACK_Condition cause : null
2025-08-29 10:04:08,131 [INFO] LogOutputStream:77 - [STDOUT_REDIRECT] 1 : Invalid condition id : UX_CORESTACK_Condition cause : null
2025-08-29 10:04:08,133 [INFO] LogOutputStream:77 - [STDOUT_REDIRECT] 1 : Invalid condition id : UX_CORESTACK_Condition cause : null
2025-08-29 10:04:08,135 [INFO] LogOutputStream:77 - [STDOUT_REDIRECT] 1 : Invalid condition id : UX_CORESTACK_Condition cause : null
2025-08-29 10:04:08,139 [WARN] PackLoader:240 - Cannot read IP mode file for STMicroelectronics.X-CUBE-AZRTOS-WL.2.0.0
2025-08-29 10:04:08,151 [WARN] PackLoader:240 - Cannot read IP mode file for STMicroelectronics.FP-SNS-MOTENV1.5.0.0
2025-08-29 10:04:08,164 [WARN] PackLoader:240 - Cannot read IP mode file for WES.I-CUBE-Cesium.1.3.0
2025-08-29 10:04:08,172 [WARN] PackLoader:240 - Cannot read IP mode file for STMicroelectronics.X-CUBE-BLE2.3.3.0
2025-08-29 10:04:08,183 [WARN] PackLoader:240 - Cannot read IP mode file for STMicroelectronics.X-CUBE-NFC9.1.0.0
2025-08-29 10:04:08,193 [WARN] PackLoader:240 - Cannot read IP mode file for wolfSSL.I-CUBE-wolfSSL.5.8.2
2025-08-29 10:04:08,201 [WARN] PackLoader:240 - Cannot read IP mode file for STMicroelectronics.X-CUBE-BLE1.7.1.0
2025-08-29 10:04:08,207 [WARN] PackLoader:240 - Cannot read IP mode file for wolfSSL.I-CUBE-wolfMQTT.1.19.2
2025-08-29 10:04:08,216 [WARN] PackLoader:240 - Cannot read IP mode file for STMicroelectronics.X-CUBE-EEPRMA1.5.2.0
2025-08-29 10:04:08,237 [WARN] PackLoader:240 - Cannot read IP mode file for STMicroelectronics.X-CUBE-AZRTOS-G0.1.1.0
2025-08-29 10:04:08,249 [WARN] PackLoader:240 - Cannot read IP mode file for STMicroelectronics.X-CUBE-SAFEA1.1.2.2
2025-08-29 10:04:08,255 [WARN] PackLoader:240 - Cannot read IP mode file for STMicroelectronics.X-CUBE-NFC4.3.0.0
2025-08-29 10:04:08,265 [WARN] PackLoader:240 - Cannot read IP mode file for STMicroelectronics.X-CUBE-WB05N.2.0.0
2025-08-29 10:04:08,272 [WARN] PackLoader:240 - Cannot read IP mode file for wolfSSL.I-CUBE-wolfTPM.3.8.0
2025-08-29 10:04:08,283 [WARN] PackLoader:240 - Cannot read IP mode file for STMicroelectronics.X-CUBE-TCPP.4.2.0
2025-08-29 10:04:08,292 [WARN] PackLoader:240 - Cannot read IP mode file for RealThread.X-CUBE-RT-Thread_Nano.4.1.1
2025-08-29 10:04:08,299 [WARN] PackLoader:240 - Cannot read IP mode file for STMicroelectronics.FP-ATR-SIGFOX1.3.2.0
2025-08-29 10:04:08,307 [WARN] PackLoader:240 - Cannot read IP mode file for ITTIA_DB.I-CUBE-ITTIADB.8.9.0
2025-08-29 10:04:08,316 [WARN] PackLoader:240 - Cannot read IP mode file for STMicroelectronics.X-CUBE-ST67W61.1.0.0
2025-08-29 10:04:08,323 [WARN] PackLoader:240 - Cannot read IP mode file for STMicroelectronics.X-CUBE-AI.10.2.0
2025-08-29 10:04:08,359 [WARN] PackLoader:240 - Cannot read IP mode file for SEGGER.I-CUBE-embOS.1.3.1
2025-08-29 10:04:08,423 [WARN] PackLoader:240 - Cannot read IP mode file for STMicroelectronics.X-CUBE-ALGOBUILD.1.4.0
2025-08-29 10:04:08,524 [WARN] PackLoader:240 - Cannot read IP mode file for STMicroelectronics.X-CUBE-MEMS1.11.3.0
2025-08-29 10:04:08,665 [WARN] PackLoader:240 - Cannot read IP mode file for STMicroelectronics.X-CUBE-PM33A1.1.0.0
2025-08-29 10:04:08,683 [WARN] PackLoader:240 - Cannot read IP mode file for STMicroelectronics.X-CUBE-AZRTOS-F4.1.1.0
2025-08-29 10:04:08,693 [WARN] PackLoader:240 - Cannot read IP mode file for Avnet-IotConnect.X-CUBE-IoTC-DA16k-PMOD.1.0.0
2025-08-29 10:04:08,700 [WARN] PackLoader:240 - Cannot read IP mode file for STMicroelectronics.X-CUBE-ISPU.2.1.0
2025-08-29 10:04:08,709 [WARN] PackLoader:240 - Cannot read IP mode file for STMicroelectronics.X-CUBE-NFC12.1.0.0
2025-08-29 10:04:08,730 [WARN] PackLoader:240 - Cannot read IP mode file for STMicroelectronics.X-CUBE-AZRTOS-L5.2.0.0
2025-08-29 10:04:08,746 [WARN] PackLoader:240 - Cannot read IP mode file for STMicroelectronics.X-CUBE-NFC6.3.1.0
2025-08-29 10:04:08,756 [WARN] PackLoader:240 - Cannot read IP mode file for STMicroelectronics.X-CUBE-FREERTOS.1.3.1
2025-08-29 10:04:08,764 [WARN] PackLoader:240 - Cannot read IP mode file for STMicroelectronics.FP-SNS-STAIOTCFT.1.0.0
2025-08-29 10:04:08,771 [WARN] PackLoader:240 - Cannot read IP mode file for STMicroelectronics.X-CUBE-DPower.1.3.0
2025-08-29 10:04:08,793 [WARN] ConditionMgr:438 - getConditionDescription Invalid condition id : LAN8742 Phy interface Condition cause : null
2025-08-29 10:04:08,793 [WARN] PackLoader:240 - Cannot read IP mode file for STMicroelectronics.X-CUBE-AZRTOS-L4.2.0.0
2025-08-29 10:04:08,795 [WARN] ConditionMgr:1044 - genDependencies : Invalid condition id : LAN8742 Phy interface Condition cause : null
2025-08-29 10:04:08,795 [WARN] ConditionMgr:1044 - genDependencies : Invalid condition id : LAN8742 Phy interface Condition cause : null
2025-08-29 10:04:08,795 [WARN] ConditionMgr:1044 - genDependencies : Invalid condition id : LAN8742 Phy interface Condition cause : null
2025-08-29 10:04:08,806 [WARN] PackLoader:240 - Cannot read IP mode file for STMicroelectronics.X-CUBE-SFXS2LP1.4.0.0
2025-08-29 10:04:08,819 [WARN] PackLoader:240 - Cannot read IP mode file for STMicroelectronics.X-CUBE-BLEMGR.4.1.0
2025-08-29 10:04:08,837 [WARN] ConditionMgr:438 - getConditionDescription Invalid condition id : UX DEVICE CLASS RTOS Condition cause : null
2025-08-29 10:04:08,837 [WARN] ConditionMgr:438 - getConditionDescription Invalid condition id : UX DEVICE CLASS RTOS Condition cause : null
2025-08-29 10:04:08,839 [WARN] PackLoader:240 - Cannot read IP mode file for STMicroelectronics.X-CUBE-AZRTOS-WB.2.0.0
2025-08-29 10:04:08,841 [WARN] ConditionMgr:1044 - genDependencies : Invalid condition id : UX DEVICE CLASS RTOS Condition cause : null
2025-08-29 10:04:08,842 [WARN] ConditionMgr:1044 - genDependencies : Invalid condition id : UX DEVICE CLASS RTOS Condition cause : null
2025-08-29 10:04:08,843 [WARN] ConditionMgr:1044 - genDependencies : Invalid condition id : UX DEVICE CLASS RTOS Condition cause : null
2025-08-29 10:04:08,843 [WARN] ConditionMgr:1044 - genDependencies : Invalid condition id : UX DEVICE CLASS RTOS Condition cause : null
2025-08-29 10:04:08,844 [WARN] ConditionMgr:1044 - genDependencies : Invalid condition id : UX DEVICE CLASS RTOS Condition cause : null
2025-08-29 10:04:08,852 [WARN] PackLoader:240 - Cannot read IP mode file for STMicroelectronics.X-CUBE-GNSS1.7.0.1
2025-08-29 10:04:08,861 [WARN] PackLoader:240 - Cannot read IP mode file for STMicroelectronics.X-CUBE-TOUCHGFX.4.25.0
2025-08-29 10:04:08,867 [WARN] ConditionMgr:438 - getConditionDescription Invalid condition id : Cortex-A Device cause : null
2025-08-29 10:04:08,890 [WARN] ConditionMgr:1044 - genDependencies : Invalid condition id : Cortex-A Device cause : null
2025-08-29 10:04:08,892 [WARN] ConditionMgr:1044 - genDependencies : Invalid condition id : Cortex-A Device cause : null
2025-08-29 10:04:08,892 [WARN] ConditionMgr:1044 - genDependencies : Invalid condition id : Cortex-A Device cause : null
2025-08-29 10:04:08,907 [WARN] PackLoader:240 - Cannot read IP mode file for STMicroelectronics.X-CUBE-SUBG2.5.0.0
2025-08-29 10:04:08,935 [WARN] PackLoader:240 - Cannot read IP mode file for STMicroelectronics.X-CUBE-AZRTOS-H7RS.1.1.0
2025-08-29 10:04:08,945 [WARN] PackLoader:240 - Cannot read IP mode file for Cesanta.I-CUBE-Mongoose.7.13.0
2025-08-29 10:04:08,961 [WARN] PackLoader:240 - Cannot read IP mode file for STMicroelectronics.X-CUBE-AZRTOS-G4.2.0.0
2025-08-29 10:04:08,969 [WARN] PackLoader:240 - Cannot read IP mode file for wolfSSL.I-CUBE-wolfSSH.1.4.20
2025-08-29 10:04:08,978 [WARN] PackLoader:240 - Cannot read IP mode file for STMicroelectronics.X-CUBE-NFC7.2.0.0
2025-08-29 10:04:08,994 [WARN] PackLoader:240 - Cannot read IP mode file for STMicroelectronics.X-CUBE-IPS.3.1.0
2025-08-29 10:04:09,005 [WARN] PackLoader:240 - Cannot read IP mode file for STMicroelectronics.X-CUBE-ALS.1.0.2
2025-08-29 10:04:09,015 [WARN] PackLoader:240 - Cannot read IP mode file for portGmbH.I-Cube-SoM-uGOAL.1.1.0
2025-08-29 10:04:09,031 [WARN] PackLoader:240 - Cannot read IP mode file for STMicroelectronics.X-CUBE-TOF1.3.4.3
2025-08-29 10:04:09,043 [INFO] ThirdParty:978 - Integrity check success = true
2025-08-29 10:04:09,043 [INFO] IntegrityCheckThread:100 - exiting critical section [integrity check]
2025-08-29 10:04:09,043 [INFO] IntegrityCheckThread:103 - End integrity checks thread
2025-08-29 10:12:00,812 [ERROR] LogOutputStream:75 - [STDERR_REDIRECT] 
